{
  "RSpec": {
    "coverage": {
      "/Users/brittanymartin/projects/contextual-camoflage/spec/controllers/anecdotes_controller_spec.rb": [
        1,
        null,
        1,
        null,
        1,
        1,
        1,
        1,
        1,
        null,
        null,
        1,
        1,
        1,
        1,
        null,
        null,
        null,
        null,
        null,
        null,
        null,
        null,
        null
      ],
      "/Users/brittanymartin/projects/contextual-camoflage/spec/rails_helper.rb": [
        1,
        1,
        null,
        1,
        1,
        1,
        1,
        1,
        null,
        1,
        null,
        1,
        1,
        1,
        1,
        1,
        1,
        1,
        null
      ],
      "/Users/brittanymartin/projects/contextual-camoflage/config/environment.rb": [
        null,
        1,
        null,
        null,
        1
      ],
      "/Users/brittanymartin/projects/contextual-camoflage/config/application.rb": [
        1,
        null,
        1,
        null,
        1,
        1,
        1,
        1,
        1,
        1,
        1,
        1,
        null,
        null,
        null,
        null,
        1,
        null,
        1,
        1,
        null,
        null,
        null,
        null,
        null
      ],
      "/Users/brittanymartin/projects/contextual-camoflage/config/boot.rb": [
        1,
        null,
        1
      ],
      "/Users/brittanymartin/projects/contextual-camoflage/config/environments/test.rb": [
        1,
        null,
        null,
        null,
        null,
        null,
        null,
        1,
        null,
        null,
        null,
        null,
        1,
        null,
        null,
        1,
        1,
        null,
        null,
        null,
        null,
        1,
        1,
        null,
        null,
        1,
        null,
        null,
        1,
        1,
        null,
        null,
        null,
        null,
        1,
        null,
        null,
        1,
        null,
        null,
        null,
        null
      ],
      "/Users/brittanymartin/projects/contextual-camoflage/config/initializers/application_controller_renderer.rb": [
        null,
        null,
        null,
        null,
        null,
        null
      ],
      "/Users/brittanymartin/projects/contextual-camoflage/config/initializers/assets.rb": [
        null,
        null,
        null,
        1,
        null,
        null,
        null,
        null,
        null,
        null,
        null
      ],
      "/Users/brittanymartin/projects/contextual-camoflage/config/initializers/backtrace_silencers.rb": [
        null,
        null,
        null,
        null,
        null,
        null,
        null
      ],
      "/Users/brittanymartin/projects/contextual-camoflage/config/initializers/cookies_serializer.rb": [
        null,
        null,
        null,
        null,
        1
      ],
      "/Users/brittanymartin/projects/contextual-camoflage/config/initializers/devise.rb": [
        null,
        null,
        1,
        null,
        null,
        null,
        null,
        null,
        null,
        null,
        null,
        null,
        null,
        null,
        1,
        null,
        null,
        null,
        null,
        null,
        null,
        null,
        null,
        null,
        null,
        null,
        1,
        null,
        null,
        null,
        null,
        null,
        null,
        null,
        null,
        null,
        null,
        null,
        null,
        null,
        null,
        null,
        null,
        null,
        null,
        null,
        null,
        null,
        1,
        null,
        null,
        null,
        null,
        1,
        null,
        null,
        null,
        null,
        null,
        null,
        null,
        null,
        null,
        null,
        null,
        null,
        null,
        null,
        null,
        null,
        null,
        null,
        null,
        null,
        null,
        null,
        null,
        null,
        null,
        null,
        null,
        null,
        null,
        null,
        1,
        null,
        null,
        null,
        null,
        null,
        null,
        null,
        null,
        null,
        null,
        null,
        null,
        null,
        null,
        null,
        null,
        null,
        null,
        null,
        null,
        null,
        null,
        1,
        null,
        null,
        null,
        null,
        null,
        null,
        null,
        null,
        null,
        null,
        null,
        null,
        null,
        null,
        null,
        null,
        null,
        null,
        null,
        null,
        null,
        null,
        null,
        null,
        null,
        null,
        null,
        null,
        null,
        null,
        1,
        null,
        null,
        null,
        null,
        null,
        null,
        null,
        null,
        null,
        1,
        null,
        null,
        null,
        null,
        null,
        null,
        null,
        null,
        null,
        null,
        1,
        null,
        null,
        null,
        null,
        1,
        null,
        null,
        null,
        null,
        null,
        null,
        null,
        null,
        null,
        null,
        null,
        null,
        null,
        null,
        null,
        null,
        null,
        null,
        null,
        null,
        null,
        null,
        null,
        null,
        null,
        null,
        null,
        null,
        null,
        null,
        null,
        null,
        null,
        null,
        null,
        null,
        null,
        null,
        null,
        null,
        1,
        null,
        null,
        null,
        null,
        null,
        null,
        null,
        null,
        null,
        null,
        null,
        null,
        null,
        null,
        null,
        null,
        null,
        null,
        null,
        null,
        null,
        null,
        null,
        null,
        null,
        null,
        null,
        null,
        null,
        null,
        null,
        null,
        null,
        null,
        null,
        null,
        null,
        null,
        null,
        null,
        null,
        1,
        null,
        null,
        null,
        null,
        null,
        null,
        null,
        null,
        null,
        null,
        null,
        null,
        null,
        null,
        null,
        null,
        null,
        null,
        null,
        null,
        null,
        null,
        null,
        null,
        null,
        null,
        null,
        null,
        null
      ],
      "/Users/brittanymartin/projects/contextual-camoflage/config/initializers/filter_parameter_logging.rb": [
        null,
        null,
        null,
        1
      ],
      "/Users/brittanymartin/projects/contextual-camoflage/config/initializers/inflections.rb": [
        null,
        null,
        null,
        null,
        null,
        null,
        null,
        null,
        null,
        null,
        null,
        null,
        null,
        null,
        null,
        null
      ],
      "/Users/brittanymartin/projects/contextual-camoflage/config/initializers/leaflet.rb": [
        1,
        1,
        1
      ],
      "/Users/brittanymartin/projects/contextual-camoflage/config/initializers/mime_types.rb": [
        null,
        null,
        null,
        null
      ],
      "/Users/brittanymartin/projects/contextual-camoflage/config/initializers/new_framework_defaults.rb": [
        null,
        null,
        null,
        null,
        null,
        null,
        null,
        1,
        null,
        null,
        1,
        null,
        null,
        null,
        1,
        null,
        null,
        1,
        null,
        null,
        1
      ],
      "/Users/brittanymartin/projects/contextual-camoflage/config/initializers/rails_admin.rb": [
        1,
        null,
        null,
        null,
        null,
        1,
        0,
        null,
        1,
        null,
        null,
        null,
        null,
        null,
        null,
        null,
        null,
        null,
        null,
        null,
        null,
        null,
        null,
        null,
        null,
        null,
        null,
        null,
        null,
        1,
        1,
        1,
        1,
        1,
        1,
        1,
        1,
        1,
        1,
        null,
        null
      ],
      "/Users/brittanymartin/projects/contextual-camoflage/config/initializers/session_store.rb": [
        null,
        null,
        1
      ],
      "/Users/brittanymartin/projects/contextual-camoflage/config/initializers/wrap_parameters.rb": [
        null,
        null,
        null,
        null,
        null,
        null,
        1,
        2,
        null,
        null,
        null,
        null,
        null,
        null
      ],
      "/Users/brittanymartin/projects/contextual-camoflage/spec/factories/anecdote.rb": [
        1,
        1,
        1,
        1,
        null,
        null
      ],
      "/Users/brittanymartin/projects/contextual-camoflage/spec/factories/illness.rb": [
        1,
        1,
        1,
        1,
        null,
        null
      ],
      "/Users/brittanymartin/projects/contextual-camoflage/spec/factories/installation.rb": [
        1,
        1,
        1,
        1,
        1,
        1,
        1,
        null,
        null
      ],
      "/Users/brittanymartin/projects/contextual-camoflage/spec/factories/research.rb": [
        1,
        1,
        1,
        1,
        1,
        1,
        1,
        null,
        null
      ],
      "/Users/brittanymartin/projects/contextual-camoflage/spec/factories/submission.rb": [
        1,
        1,
        1,
        1,
        1,
        1,
        1,
        1,
        1,
        1,
        null,
        null
      ],
      "/Users/brittanymartin/projects/contextual-camoflage/spec/factories/user.rb": [
        1,
        null,
        1,
        null,
        1,
        1,
        null,
        1,
        1,
        1,
        null,
        null
      ],
      "/Users/brittanymartin/projects/contextual-camoflage/config/routes.rb": [
        1,
        null,
        1,
        1,
        1,
        1,
        1,
        1,
        null,
        1,
        null,
        1,
        null,
        1,
        null,
        null
      ],
      "/Users/brittanymartin/projects/contextual-camoflage/app/models/user.rb": [
        1,
        null,
        null,
        1,
        null,
        null
      ],
      "/Users/brittanymartin/projects/contextual-camoflage/app/models/application_record.rb": [
        1,
        1,
        null
      ],
      "/Users/brittanymartin/projects/contextual-camoflage/app/helpers/application_helper.rb": [
        1,
        null
      ],
      "/Users/brittanymartin/projects/contextual-camoflage/app/helpers/installation_helper.rb": [
        1,
        null
      ],
      "/Users/brittanymartin/projects/contextual-camoflage/app/controllers/anecdotes_controller.rb": [
        1,
        null,
        1,
        1,
        null,
        null,
        1,
        null,
        null,
        null,
        null,
        1,
        null,
        1,
        1,
        null,
        null
      ],
      "/Users/brittanymartin/projects/contextual-camoflage/app/controllers/application_controller.rb": [
        1,
        1,
        1,
        null
      ],
      "/Users/brittanymartin/projects/contextual-camoflage/spec/controllers/illnesses_controller_spec.rb": [
        1,
        null,
        1,
        null,
        1,
        5,
        null,
        null,
        1,
        1,
        1,
        1,
        null,
        null,
        null,
        1,
        1,
        1,
        1,
        null,
        null,
        1,
        1,
        1,
        null,
        null,
        1,
        1,
        1,
        null,
        null,
        1,
        1,
        1,
        null,
        null,
        null,
        null
      ],
      "/Users/brittanymartin/projects/contextual-camoflage/app/controllers/illnesses_controller.rb": [
        1,
        null,
        1,
        1,
        1,
        null,
        null,
        1,
        4,
        null,
        null,
        1,
        null,
        1,
        0,
        null,
        null,
        null
      ],
      "/Users/brittanymartin/projects/contextual-camoflage/spec/controllers/installations_controller_spec.rb": [
        1,
        null,
        1,
        null,
        1,
        5,
        null,
        null,
        1,
        1,
        1,
        1,
        null,
        null,
        null,
        1,
        1,
        1,
        1,
        null,
        null,
        1,
        1,
        1,
        null,
        null,
        1,
        1,
        1,
        null,
        null,
        1,
        1,
        1,
        null,
        null,
        null,
        null
      ],
      "/Users/brittanymartin/projects/contextual-camoflage/app/controllers/installations_controller.rb": [
        1,
        1,
        1,
        null,
        null,
        1,
        4,
        4,
        4,
        null,
        null,
        null
      ],
      "/Users/brittanymartin/projects/contextual-camoflage/spec/controllers/researches_controller_spec.rb": [
        1,
        null,
        1,
        null,
        1,
        1,
        1,
        1,
        null,
        null,
        1,
        1,
        1,
        1,
        null,
        null,
        null,
        null
      ],
      "/Users/brittanymartin/projects/contextual-camoflage/app/controllers/researches_controller.rb": [
        1,
        null,
        1,
        1,
        null,
        null,
        1,
        null,
        1,
        1,
        null,
        null
      ],
      "/Users/brittanymartin/projects/contextual-camoflage/spec/controllers/submissions_controller_spec.rb": [
        1,
        null,
        1,
        null,
        1,
        2,
        2,
        null,
        null,
        1,
        1,
        2,
        null,
        null,
        1,
        1,
        1,
        null,
        null,
        null,
        null
      ],
      "/Users/brittanymartin/projects/contextual-camoflage/app/controllers/submissions_controller.rb": [
        1,
        1,
        0,
        0,
        null,
        null,
        1,
        2,
        2,
        2,
        2,
        2,
        0,
        null,
        2,
        null,
        null,
        null,
        1,
        null,
        1,
        2,
        null,
        null,
        1,
        0,
        null,
        null
      ],
      "/Users/brittanymartin/projects/contextual-camoflage/spec/models/anecdote_spec.rb": [
        1,
        null,
        1,
        2,
        null,
        null
      ],
      "/Users/brittanymartin/projects/contextual-camoflage/app/models/anecdote.rb": [
        1,
        1,
        null
      ],
      "/Users/brittanymartin/projects/contextual-camoflage/spec/models/illness_spec.rb": [
        1,
        null,
        1,
        null,
        null
      ],
      "/Users/brittanymartin/projects/contextual-camoflage/app/models/illness.rb": [
        1,
        null
      ],
      "/Users/brittanymartin/projects/contextual-camoflage/spec/models/installation_spec.rb": [
        1,
        null,
        1,
        2,
        null,
        null
      ],
      "/Users/brittanymartin/projects/contextual-camoflage/app/models/installation.rb": [
        1,
        1,
        null
      ],
      "/Users/brittanymartin/projects/contextual-camoflage/spec/models/research_spec.rb": [
        1,
        null,
        1,
        2,
        null,
        null
      ],
      "/Users/brittanymartin/projects/contextual-camoflage/app/models/research.rb": [
        1,
        1,
        null
      ],
      "/Users/brittanymartin/projects/contextual-camoflage/spec/models/submission_spec.rb": [
        1,
        null,
        1,
        2,
        2,
        null,
        null
      ],
      "/Users/brittanymartin/projects/contextual-camoflage/app/models/submission.rb": [
        1,
        1,
        1,
        1,
        1,
        null,
        1,
        2,
        2,
        null,
        null,
        1,
        null,
        1,
        2,
        2,
        2,
        2,
        null,
        null,
        1,
        6,
        2,
        null,
        null,
        null
      ]
    },
    "timestamp": 1499029543
  }
}
